\BOOKMARK [1][-]{section.1}{1 Einleitung}{}% 1
\BOOKMARK [1][-]{section.2}{2 Elektrotechnische Probleml\366sung}{}% 2
\BOOKMARK [2][-]{subsection.2.1}{2.1 Regelungstechnische Grundlagen}{section.2}% 3
\BOOKMARK [2][-]{subsection.2.2}{2.2 Faustformeln}{section.2}% 4
\BOOKMARK [3][-]{subsubsection.2.2.1}{2.2.1 Chien/Hrones und Reswick}{subsection.2.2}% 5
\BOOKMARK [3][-]{subsubsection.2.2.2}{2.2.2 Oppelt}{subsection.2.2}% 6
\BOOKMARK [3][-]{subsubsection.2.2.3}{2.2.3 Rosenberg}{subsection.2.2}% 7
\BOOKMARK [2][-]{subsection.2.3}{2.3 Zellweger Methode}{section.2}% 8
\BOOKMARK [3][-]{subsubsection.2.3.1}{2.3.1 Numerisches Beispiel PI-Regler}{subsection.2.3}% 9
\BOOKMARK [3][-]{subsubsection.2.3.2}{2.3.2 Vorgehen PID-Regler mit Matlab}{subsection.2.3}% 10
\BOOKMARK [1][-]{section.3}{3 Software}{}% 11
\BOOKMARK [2][-]{subsection.3.1}{3.1 Model}{section.3}% 12
\BOOKMARK [3][-]{subsubsection.3.1.1}{3.1.1 Regelstrecke}{subsection.3.1}% 13
\BOOKMARK [3][-]{subsubsection.3.1.2}{3.1.2 Regler}{subsection.3.1}% 14
\BOOKMARK [3][-]{subsubsection.3.1.3}{3.1.3 Reglerberechung}{subsection.3.1}% 15
\BOOKMARK [3][-]{subsubsection.3.1.4}{3.1.4 Regelkreis}{subsection.3.1}% 16
\BOOKMARK [3][-]{subsubsection.3.1.5}{3.1.5 Resultate}{subsection.3.1}% 17
\BOOKMARK [2][-]{subsection.3.2}{3.2 View}{section.3}% 18
\BOOKMARK [3][-]{subsubsection.3.2.1}{3.2.1 Anforderungen an die Benutzeroberfl\344che}{subsection.3.2}% 19
\BOOKMARK [3][-]{subsubsection.3.2.2}{3.2.2 Erstellung der Benutzeroberfl\344che}{subsection.3.2}% 20
\BOOKMARK [3][-]{subsubsection.3.2.3}{3.2.3 Aufgabe der einzelnen Panels}{subsection.3.2}% 21
\BOOKMARK [3][-]{subsubsection.3.2.4}{3.2.4 Funktionalit\344t der Benutzeroberfl\344che}{subsection.3.2}% 22
\BOOKMARK [2][-]{subsection.3.3}{3.3 Controller}{section.3}% 23
\BOOKMARK [1][-]{section.4}{4 Validierung}{}% 24
\BOOKMARK [2][-]{subsection.4.1}{4.1 Matlab-Programmierung}{section.4}% 25
\BOOKMARK [2][-]{subsection.4.2}{4.2 Matlab-Simulation}{section.4}% 26
\BOOKMARK [2][-]{subsection.4.3}{4.3 Benutzeroberfl\344che}{section.4}% 27
\BOOKMARK [2][-]{subsection.4.4}{4.4 Berechnungen Software}{section.4}% 28
\BOOKMARK [1][-]{section.5}{5 Schlussfolgerung}{}% 29
\BOOKMARK [1][-]{appendix.A}{A Anhang Elektrotechnik}{}% 30
\BOOKMARK [2][-]{subsection.A.1}{A.1 Herleitung der Berechnung von \040f\374r die Zellweger Methode}{appendix.A}% 31
\BOOKMARK [2][-]{subsection.A.2}{A.2 Herleitung Bodekonforme Darstellung}{appendix.A}% 32
\BOOKMARK [3][-]{subsubsection.A.2.1}{A.2.1 PI-Regler}{subsection.A.2}% 33
\BOOKMARK [3][-]{subsubsection.A.2.2}{A.2.2 PID-Regler}{subsection.A.2}% 34
\BOOKMARK [1][-]{appendix.B}{B CD-Rom}{}% 35
