This is pdfTeX, Version 3.1415926-2.5-1.40.14 (MiKTeX 2.9 64-bit) (preloaded format=pdflatex 2015.3.20)  3 JUN 2015 15:19
entering extended mode
**Fachbericht_FS15_pro2E_Team3.tex
(C:\Users\Yanick\Desktop\LatexFinal\Fachbericht_FS15_pro2E_Team3.tex
LaTeX2e <2011/06/27>
Babel <v3.8m> and hyphenation patterns for english, afrikaans, ancientgreek, arabic, armenian, assamese, basque, bengali
, bokmal, bulgarian, catalan, coptic, croatian, czech, danish, dutch, esperanto, estonian, farsi, finnish, french, galic
ian, german, german-x-2013-05-26, greek, gujarati, hindi, hungarian, icelandic, indonesian, interlingua, irish, italian,
 kannada, kurmanji, latin, latvian, lithuanian, malayalam, marathi, mongolian, mongolianlmc, monogreek, ngerman, ngerman
-x-2013-05-26, nynorsk, oriya, panjabi, pinyin, polish, portuguese, romanian, russian, sanskrit, serbian, slovak, sloven
ian, spanish, swedish, swissgerman, tamil, telugu, turkish, turkmen, ukenglish, ukrainian, uppersorbian, usenglishmax, w
elsh, loaded.
(C:\Users\Yanick\Desktop\LatexFinal\fhnwreport.cls
Document Class: fhnwreport 2013/10/07 v2.0 PDF-LaTeX class for FHNW reports
("C:\Program Files\MiKTeX 2.9\tex\latex\base\article.cls"
Document Class: article 2007/10/19 v1.4h Standard LaTeX document class
("C:\Program Files\MiKTeX 2.9\tex\latex\base\size10.clo"
File: size10.clo 2007/10/19 v1.4h Standard LaTeX file (size option)
)
\c@part=\count79
\c@section=\count80
\c@subsection=\count81
\c@subsubsection=\count82
\c@paragraph=\count83
\c@subparagraph=\count84
\c@figure=\count85
\c@table=\count86
\abovecaptionskip=\skip41
\belowcaptionskip=\skip42
\bibindent=\dimen102
) ("C:\Program Files\MiKTeX 2.9\tex\latex\geometry\geometry.sty"
Package: geometry 2010/09/12 v5.6 Page Geometry
 ("C:\Program Files\MiKTeX 2.9\tex\latex\graphics\keyval.sty"
Package: keyval 1999/03/16 v1.13 key=value parser (DPC)
\KV@toks@=\toks14
)
("C:\Program Files\MiKTeX 2.9\tex\generic\oberdiek\ifpdf.sty"
Package: ifpdf 2011/01/30 v2.3 Provides the ifpdf switch (HO)
Package ifpdf Info: pdfTeX in PDF mode is detected.
)
("C:\Program Files\MiKTeX 2.9\tex\generic\oberdiek\ifvtex.sty"
Package: ifvtex 2010/03/01 v1.5 Detect VTeX and its facilities (HO)
Package ifvtex Info: VTeX not detected.
)
("C:\Program Files\MiKTeX 2.9\tex\generic\ifxetex\ifxetex.sty"
Package: ifxetex 2010/09/12 v0.6 Provides ifxetex conditional
)
\Gm@cnth=\count87
\Gm@cntv=\count88
\c@Gm@tempcnt=\count89
\Gm@bindingoffset=\dimen103
\Gm@wd@mp=\dimen104
\Gm@odd@mp=\dimen105
\Gm@even@mp=\dimen106
\Gm@layoutwidth=\dimen107
\Gm@layoutheight=\dimen108
\Gm@layouthoffset=\dimen109
\Gm@layoutvoffset=\dimen110
\Gm@dimlist=\toks15

("C:\Program Files\MiKTeX 2.9\tex\latex\geometry\geometry.cfg")) ("C:\Program Files\MiKTeX 2.9\tex\latex\tools\calc.sty"
Package: calc 2007/08/22 v4.3 Infix arithmetic (KKT,FJ)
\calc@Acount=\count90
\calc@Bcount=\count91
\calc@Adimen=\dimen111
\calc@Bdimen=\dimen112
\calc@Askip=\skip43
\calc@Bskip=\skip44
LaTeX Info: Redefining \setlength on input line 76.
LaTeX Info: Redefining \addtolength on input line 77.
\calc@Ccount=\count92
\calc@Cskip=\skip45
) ("C:\Program Files\MiKTeX 2.9\tex\latex\psnfss\times.sty"
Package: times 2005/04/12 PSNFSS-v9.2a (SPQR) 
)
("C:\Program Files\MiKTeX 2.9\tex\latex\graphics\graphicx.sty"
Package: graphicx 1999/02/16 v1.0f Enhanced LaTeX Graphics (DPC,SPQR)

("C:\Program Files\MiKTeX 2.9\tex\latex\graphics\graphics.sty"
Package: graphics 2009/02/05 v1.0o Standard LaTeX Graphics (DPC,SPQR)
 ("C:\Program Files\MiKTeX 2.9\tex\latex\graphics\trig.sty"
Package: trig 1999/03/16 v1.09 sin cos tan (DPC)
) ("C:\Program Files\MiKTeX 2.9\tex\latex\00miktex\graphics.cfg"
File: graphics.cfg 2007/01/18 v1.5 graphics configuration of teTeX/TeXLive
)
Package graphics Info: Driver file: pdftex.def on input line 91.

("C:\Program Files\MiKTeX 2.9\tex\latex\pdftex-def\pdftex.def"
File: pdftex.def 2011/05/27 v0.06d Graphics/color for pdfTeX

("C:\Program Files\MiKTeX 2.9\tex\generic\oberdiek\infwarerr.sty"
Package: infwarerr 2010/04/08 v1.3 Providing info/warning/error messages (HO)
)
("C:\Program Files\MiKTeX 2.9\tex\generic\oberdiek\ltxcmds.sty"
Package: ltxcmds 2011/11/09 v1.22 LaTeX kernel commands for general use (HO)
)
\Gread@gobject=\count93
))
\Gin@req@height=\dimen113
\Gin@req@width=\dimen114
)
("C:\Program Files\MiKTeX 2.9\tex\latex\hyperref\hyperref.sty"
Package: hyperref 2012/11/06 v6.83m Hypertext links for LaTeX

("C:\Program Files\MiKTeX 2.9\tex\generic\oberdiek\hobsub-hyperref.sty"
Package: hobsub-hyperref 2012/04/25 v1.12 Bundle oberdiek, subset hyperref (HO)

("C:\Program Files\MiKTeX 2.9\tex\generic\oberdiek\hobsub-generic.sty"
Package: hobsub-generic 2012/04/25 v1.12 Bundle oberdiek, subset generic (HO)
Package: hobsub 2012/04/25 v1.12 Construct package bundles (HO)
Package hobsub Info: Skipping package `infwarerr' (already loaded).
Package hobsub Info: Skipping package `ltxcmds' (already loaded).
Package: ifluatex 2010/03/01 v1.3 Provides the ifluatex switch (HO)
Package ifluatex Info: LuaTeX not detected.
Package hobsub Info: Skipping package `ifvtex' (already loaded).
Package: intcalc 2007/09/27 v1.1 Expandable calculations with integers (HO)
Package hobsub Info: Skipping package `ifpdf' (already loaded).
Package: etexcmds 2011/02/16 v1.5 Avoid name clashes with e-TeX commands (HO)
Package etexcmds Info: Could not find \expanded.
(etexcmds)             That can mean that you are not using pdfTeX 1.50 or
(etexcmds)             that some package has redefined \expanded.
(etexcmds)             In the latter case, load this package earlier.
Package: kvsetkeys 2012/04/25 v1.16 Key value parser (HO)
Package: kvdefinekeys 2011/04/07 v1.3 Define keys (HO)
Package: pdftexcmds 2011/11/29 v0.20 Utility functions of pdfTeX for LuaTeX (HO)
Package pdftexcmds Info: LuaTeX not detected.
Package pdftexcmds Info: \pdf@primitive is available.
Package pdftexcmds Info: \pdf@ifprimitive is available.
Package pdftexcmds Info: \pdfdraftmode found.
Package: pdfescape 2011/11/25 v1.13 Implements pdfTeX's escape features (HO)
Package: bigintcalc 2012/04/08 v1.3 Expandable calculations on big integers (HO)
Package: bitset 2011/01/30 v1.1 Handle bit-vector datatype (HO)
Package: uniquecounter 2011/01/30 v1.2 Provide unlimited unique counter (HO)
)
Package hobsub Info: Skipping package `hobsub' (already loaded).
Package: letltxmacro 2010/09/02 v1.4 Let assignment for LaTeX macros (HO)
Package: hopatch 2011/06/24 v1.1 Wrapper for package hooks (HO)
Package: xcolor-patch 2011/01/30 xcolor patch
Package: atveryend 2011/06/30 v1.8 Hooks at the very end of document (HO)
Package atveryend Info: \enddocument detected (standard20110627).
Package: atbegshi 2011/10/05 v1.16 At begin shipout hook (HO)
Package: refcount 2011/10/16 v3.4 Data extraction from label references (HO)
Package: hycolor 2011/01/30 v1.7 Color options for hyperref/bookmark (HO)
)
("C:\Program Files\MiKTeX 2.9\tex\latex\oberdiek\auxhook.sty"
Package: auxhook 2011/03/04 v1.3 Hooks for auxiliary files (HO)
)
("C:\Program Files\MiKTeX 2.9\tex\latex\oberdiek\kvoptions.sty"
Package: kvoptions 2011/06/30 v3.11 Key value format for package options (HO)
)
\@linkdim=\dimen115
\Hy@linkcounter=\count94
\Hy@pagecounter=\count95

("C:\Program Files\MiKTeX 2.9\tex\latex\hyperref\pd1enc.def"
File: pd1enc.def 2012/11/06 v6.83m Hyperref: PDFDocEncoding definition (HO)
)
\Hy@SavedSpaceFactor=\count96

("C:\Program Files\MiKTeX 2.9\tex\latex\00miktex\hyperref.cfg"
File: hyperref.cfg 2002/06/06 v1.2 hyperref configuration of TeXLive
)
Package hyperref Info: Hyper figures OFF on input line 4443.
Package hyperref Info: Link nesting OFF on input line 4448.
Package hyperref Info: Hyper index ON on input line 4451.
Package hyperref Info: Plain pages OFF on input line 4458.
Package hyperref Info: Backreferencing OFF on input line 4463.
Package hyperref Info: Implicit mode ON; LaTeX internals redefined.
Package hyperref Info: Bookmarks ON on input line 4688.
\c@Hy@tempcnt=\count97
 ("C:\Program Files\MiKTeX 2.9\tex\latex\url\url.sty"
\Urlmuskip=\muskip10
Package: url 2013/09/16  ver 3.4  Verb mode for urls, etc.
)
LaTeX Info: Redefining \url on input line 5041.
\XeTeXLinkMargin=\dimen116
\Fld@menulength=\count98
\Field@Width=\dimen117
\Fld@charsize=\dimen118
Package hyperref Info: Hyper figures OFF on input line 6295.
Package hyperref Info: Link nesting OFF on input line 6300.
Package hyperref Info: Hyper index ON on input line 6303.
Package hyperref Info: backreferencing OFF on input line 6310.
Package hyperref Info: Link coloring OFF on input line 6315.
Package hyperref Info: Link coloring with OCG OFF on input line 6320.
Package hyperref Info: PDF/A mode OFF on input line 6325.
LaTeX Info: Redefining \ref on input line 6365.
LaTeX Info: Redefining \pageref on input line 6369.
\Hy@abspage=\count99
\c@Item=\count100
\c@Hfootnote=\count101
)

Package hyperref Message: Driver (autodetected): hpdftex.

("C:\Program Files\MiKTeX 2.9\tex\latex\hyperref\hpdftex.def"
File: hpdftex.def 2012/11/06 v6.83m Hyperref driver for pdfTeX
\Fld@listcount=\count102
\c@bookmark@seq@number=\count103

("C:\Program Files\MiKTeX 2.9\tex\latex\oberdiek\rerunfilecheck.sty"
Package: rerunfilecheck 2011/04/15 v1.7 Rerun checks for auxiliary files (HO)
Package uniquecounter Info: New unique counter `rerunfilecheck' on input line 282.
)
\Hy@SectionHShift=\skip46
)
("C:\Program Files\MiKTeX 2.9\tex\latex\graphics\color.sty"
Package: color 2005/11/14 v1.0j Standard LaTeX Color (DPC)
 ("C:\Program Files\MiKTeX 2.9\tex\latex\00miktex\color.cfg"
File: color.cfg 2007/01/18 v1.5 color configuration of teTeX/TeXLive
)
Package color Info: Driver file: pdftex.def on input line 130.
)
Package hyperref Info: Option `bookmarksnumbered' set `true' on input line 209.
Package hyperref Info: Option `colorlinks' set `true' on input line 209.
 ("C:\Program Files\MiKTeX 2.9\tex\latex\caption\caption.sty"
Package: caption 2013/05/02 v3.3-89 Customizing captions (AR)

("C:\Program Files\MiKTeX 2.9\tex\latex\caption\caption3.sty"
Package: caption3 2013/05/02 v1.6-88 caption3 kernel (AR)
Package caption3 Info: TeX engine: e-TeX on input line 57.
\captionmargin=\dimen119
\captionmargin@=\dimen120
\captionwidth=\dimen121
\caption@tempdima=\dimen122
\caption@indent=\dimen123
\caption@parindent=\dimen124
\caption@hangindent=\dimen125
)
\c@ContinuedFloat=\count104
Package caption Info: hyperref package is loaded.
))
("C:\Program Files\MiKTeX 2.9\tex\generic\babel\babel.sty"
Package: babel 2008/07/08 v3.8m The Babel package

*************************************
* Local config file bblopts.cfg used
*
("C:\Program Files\MiKTeX 2.9\tex\latex\00miktex\bblopts.cfg"
File: bblopts.cfg 2006/07/31 v1.0 MiKTeX 'babel' configuration
)
("C:\Program Files\MiKTeX 2.9\tex\generic\babel\ngermanb.ldf"
Language: ngermanb 2008/07/06 v2.6n new German support from the babel system
 ("C:\Program Files\MiKTeX 2.9\tex\generic\babel\babel.def"
File: babel.def 2008/07/08 v3.8m Babel common definitions
\babel@savecnt=\count105
\U@D=\dimen126
)
\l@naustrian = a dialect from \language\l@ngerman 
Package babel Info: Making " an active character on input line 92.
)) ("C:\Program Files\MiKTeX 2.9\tex\latex\csquotes\csquotes.sty"
Package: csquotes 2011/10/22 v5.1d context-sensitive quotations

("C:\Program Files\MiKTeX 2.9\tex\latex\etoolbox\etoolbox.sty"
Package: etoolbox 2015/03/19 v2.1d e-TeX tools for LaTeX (JAW)
 ("C:\Program Files\MiKTeX 2.9\tex\latex\misc\etex.sty"
Package: etex 1998/03/26 v2.0 eTeX basic definition package (PEB)
\et@xins=\count106
)
\etb@tempcnta=\count107
)
\csq@reset=\count108
\csq@gtype=\count109
\csq@glevel=\count110
\csq@qlevel=\count111
\csq@maxlvl=\count112
\csq@tshold=\count113
\csq@ltx@everypar=\toks16

("C:\Program Files\MiKTeX 2.9\tex\latex\csquotes\csquotes.def"
File: csquotes.def 2011/10/22 v5.1d csquotes generic definitions
)
Package csquotes Info: Trying to load configuration file 'csquotes.cfg'...
Package csquotes Info: ... configuration file loaded successfully.

("C:\Program Files\MiKTeX 2.9\tex\latex\csquotes\csquotes.cfg"
File: csquotes.cfg 
)
Package csquotes Info: Option 'babel' depreciated.
(csquotes)             Using 'autostyle'.
Package csquotes Info: Enabling multilingual quotes.


! Package keyval Error: ngerman undefined.

See the keyval package documentation for explanation.
Type  H <return>  for immediate help.
 ...                                              
                                                  
l.2475 \ProcessOptions*
                       
Try typing  <return>  to proceed.
If that doesn't work, type  X <return>  to quit.

) ("C:\Program Files\MiKTeX 2.9\tex\latex\tools\verbatim.sty"
Package: verbatim 2003/08/22 v1.5q LaTeX2e package for verbatim enhancements
\every@verbatim=\toks17
\verbatim@line=\toks18
\verbatim@in@stream=\read1
)
("C:\Program Files\MiKTeX 2.9\tex\latex\amsmath\amsmath.sty"
Package: amsmath 2013/01/14 v2.14 AMS math features
\@mathmargin=\skip47

For additional information on amsmath, use the `?' option.
("C:\Program Files\MiKTeX 2.9\tex\latex\amsmath\amstext.sty"
Package: amstext 2000/06/29 v2.01
 ("C:\Program Files\MiKTeX 2.9\tex\latex\amsmath\amsgen.sty"
File: amsgen.sty 1999/11/30 v2.0
\@emptytoks=\toks19
\ex@=\dimen127
)) ("C:\Program Files\MiKTeX 2.9\tex\latex\amsmath\amsbsy.sty"
Package: amsbsy 1999/11/29 v1.2d
\pmbraise@=\dimen128
)
("C:\Program Files\MiKTeX 2.9\tex\latex\amsmath\amsopn.sty"
Package: amsopn 1999/12/14 v2.01 operator names
)
\inf@bad=\count114
LaTeX Info: Redefining \frac on input line 210.
\uproot@=\count115
\leftroot@=\count116
LaTeX Info: Redefining \overline on input line 306.
\classnum@=\count117
\DOTSCASE@=\count118
LaTeX Info: Redefining \ldots on input line 378.
LaTeX Info: Redefining \dots on input line 381.
LaTeX Info: Redefining \cdots on input line 466.
\Mathstrutbox@=\box26
\strutbox@=\box27
\big@size=\dimen129
LaTeX Font Info:    Redeclaring font encoding OML on input line 566.
LaTeX Font Info:    Redeclaring font encoding OMS on input line 567.
\macc@depth=\count119
\c@MaxMatrixCols=\count120
\dotsspace@=\muskip11
\c@parentequation=\count121
\dspbrk@lvl=\count122
\tag@help=\toks20
\row@=\count123
\column@=\count124
\maxfields@=\count125
\andhelp@=\toks21
\eqnshift@=\dimen130
\alignsep@=\dimen131
\tagshift@=\dimen132
\tagwidth@=\dimen133
\totwidth@=\dimen134
\lineht@=\dimen135
\@envbody=\toks22
\multlinegap=\skip48
\multlinetaggap=\skip49
\mathdisplay@stack=\toks23
LaTeX Info: Redefining \[ on input line 2665.
LaTeX Info: Redefining \] on input line 2666.
) ("C:\Program Files\MiKTeX 2.9\tex\latex\amscls\amsthm.sty"
Package: amsthm 2004/08/06 v2.20
\thm@style=\toks24
\thm@bodyfont=\toks25
\thm@headfont=\toks26
\thm@notefont=\toks27
\thm@headpunct=\toks28
\thm@preskip=\skip50
\thm@postskip=\skip51
\thm@headsep=\skip52
\dth@everypar=\toks29
) ("C:\Program Files\MiKTeX 2.9\tex\latex\fancyhdr\fancyhdr.sty"
\fancy@headwidth=\skip53
\f@ncyO@elh=\skip54
\f@ncyO@erh=\skip55
\f@ncyO@olh=\skip56
\f@ncyO@orh=\skip57
\f@ncyO@elf=\skip58
\f@ncyO@erf=\skip59
\f@ncyO@olf=\skip60
\f@ncyO@orf=\skip61
)
("C:\Program Files\MiKTeX 2.9\tex\latex\base\inputenc.sty"
Package: inputenc 2008/03/30 v1.1d Input encoding file
\inpenc@prehook=\toks30
\inpenc@posthook=\toks31
 ("C:\Program Files\MiKTeX 2.9\tex\latex\base\latin1.def"
File: latin1.def 2008/03/30 v1.1d Input encoding file
))
("C:\Program Files\MiKTeX 2.9\tex\latex\base\fontenc.sty"
Package: fontenc 2005/09/27 v1.99g Standard LaTeX package
 ("C:\Program Files\MiKTeX 2.9\tex\latex\base\t1enc.def"
File: t1enc.def 2005/09/27 v1.99g Standard LaTeX file
LaTeX Font Info:    Redeclaring font encoding T1 on input line 43.
))
(C:\Users\Yanick\Desktop\LatexFinal\pdfpages.sty
Package: pdfpages 2002/04/23 v0.2h Insert pages of external PDF documents (AM)
 ("C:\Program Files\MiKTeX 2.9\tex\latex\base\ifthen.sty"
Package: ifthen 2001/05/26 v1.1c Standard LaTeX ifthen package (DPC)
)
("C:\Program Files\MiKTeX 2.9\tex\latex\eso-pic\eso-pic.sty"
Package: eso-pic 2013/10/06 v2.0d eso-pic (RN)
))
("C:\Program Files\MiKTeX 2.9\tex\latex\pgf\frontendlayer\tikz.sty"
("C:\Program Files\MiKTeX 2.9\tex\latex\pgf\basiclayer\pgf.sty"
("C:\Program Files\MiKTeX 2.9\tex\latex\pgf\utilities\pgfrcs.sty"
("C:\Program Files\MiKTeX 2.9\tex\generic\pgf\utilities\pgfutil-common.tex"
\pgfutil@everybye=\toks32
\pgfutil@tempdima=\dimen136
\pgfutil@tempdimb=\dimen137

("C:\Program Files\MiKTeX 2.9\tex\generic\pgf\utilities\pgfutil-common-lists.tex"))
("C:\Program Files\MiKTeX 2.9\tex\generic\pgf\utilities\pgfutil-latex.def"
\pgfutil@abb=\box28

("C:\Program Files\MiKTeX 2.9\tex\latex\ms\everyshi.sty"
Package: everyshi 2001/05/15 v3.00 EveryShipout Package (MS)
))
("C:\Program Files\MiKTeX 2.9\tex\generic\pgf\utilities\pgfrcs.code.tex"
Package: pgfrcs 2013/12/20 v3.0.0 (rcs-revision 1.28)
))
Package: pgf 2013/12/18 v3.0.0 (rcs-revision 1.14)

("C:\Program Files\MiKTeX 2.9\tex\latex\pgf\basiclayer\pgfcore.sty"
("C:\Program Files\MiKTeX 2.9\tex\latex\pgf\systemlayer\pgfsys.sty"
("C:\Program Files\MiKTeX 2.9\tex\generic\pgf\systemlayer\pgfsys.code.tex"
Package: pgfsys 2013/11/30 v3.0.0 (rcs-revision 1.47)

("C:\Program Files\MiKTeX 2.9\tex\generic\pgf\utilities\pgfkeys.code.tex"
\pgfkeys@pathtoks=\toks33
\pgfkeys@temptoks=\toks34

("C:\Program Files\MiKTeX 2.9\tex\generic\pgf\utilities\pgfkeysfiltered.code.tex"
\pgfkeys@tmptoks=\toks35
))
\pgf@x=\dimen138
\pgf@y=\dimen139
\pgf@xa=\dimen140
\pgf@ya=\dimen141
\pgf@xb=\dimen142
\pgf@yb=\dimen143
\pgf@xc=\dimen144
\pgf@yc=\dimen145
\w@pgf@writea=\write3
\r@pgf@reada=\read2
\c@pgf@counta=\count126
\c@pgf@countb=\count127
\c@pgf@countc=\count128
\c@pgf@countd=\count129
\t@pgf@toka=\toks36
\t@pgf@tokb=\toks37
\t@pgf@tokc=\toks38

("C:\Program Files\MiKTeX 2.9\tex\generic\pgf\systemlayer\pgf.cfg"
File: pgf.cfg 2008/05/14  (rcs-revision 1.7)
)
Driver file for pgf: pgfsys-pdftex.def

("C:\Program Files\MiKTeX 2.9\tex\generic\pgf\systemlayer\pgfsys-pdftex.def"
File: pgfsys-pdftex.def 2013/07/18  (rcs-revision 1.33)

("C:\Program Files\MiKTeX 2.9\tex\generic\pgf\systemlayer\pgfsys-common-pdf.def"
File: pgfsys-common-pdf.def 2013/10/10  (rcs-revision 1.13)
)))
("C:\Program Files\MiKTeX 2.9\tex\generic\pgf\systemlayer\pgfsyssoftpath.code.tex"
File: pgfsyssoftpath.code.tex 2013/09/09  (rcs-revision 1.9)
\pgfsyssoftpath@smallbuffer@items=\count130
\pgfsyssoftpath@bigbuffer@items=\count131
)
("C:\Program Files\MiKTeX 2.9\tex\generic\pgf\systemlayer\pgfsysprotocol.code.tex"
File: pgfsysprotocol.code.tex 2006/10/16  (rcs-revision 1.4)
))
("C:\Program Files\MiKTeX 2.9\tex\latex\xcolor\xcolor.sty"
Package: xcolor 2007/01/21 v2.11 LaTeX color extensions (UK)
 ("C:\Program Files\MiKTeX 2.9\tex\latex\00miktex\color.cfg"
File: color.cfg 2007/01/18 v1.5 color configuration of teTeX/TeXLive
)
Package xcolor Info: Driver file: pdftex.def on input line 225.
LaTeX Info: Redefining \color on input line 702.
Package xcolor Info: Model `cmy' substituted by `cmy0' on input line 1337.
Package xcolor Info: Model `hsb' substituted by `rgb' on input line 1341.
Package xcolor Info: Model `RGB' extended on input line 1353.
Package xcolor Info: Model `HTML' substituted by `rgb' on input line 1355.
Package xcolor Info: Model `Hsb' substituted by `hsb' on input line 1356.
Package xcolor Info: Model `tHsb' substituted by `hsb' on input line 1357.
Package xcolor Info: Model `HSB' substituted by `hsb' on input line 1358.
Package xcolor Info: Model `Gray' substituted by `gray' on input line 1359.
Package xcolor Info: Model `wave' substituted by `hsb' on input line 1360.
) ("C:\Program Files\MiKTeX 2.9\tex\generic\pgf\basiclayer\pgfcore.code.tex"
Package: pgfcore 2010/04/11 v3.0.0 (rcs-revision 1.7)

("C:\Program Files\MiKTeX 2.9\tex\generic\pgf\math\pgfmath.code.tex"
("C:\Program Files\MiKTeX 2.9\tex\generic\pgf\math\pgfmathcalc.code.tex"
("C:\Program Files\MiKTeX 2.9\tex\generic\pgf\math\pgfmathutil.code.tex")
("C:\Program Files\MiKTeX 2.9\tex\generic\pgf\math\pgfmathparser.code.tex"
\pgfmath@dimen=\dimen146
\pgfmath@count=\count132
\pgfmath@box=\box29
\pgfmath@toks=\toks39
\pgfmath@stack@operand=\toks40
\pgfmath@stack@operation=\toks41
)
("C:\Program Files\MiKTeX 2.9\tex\generic\pgf\math\pgfmathfunctions.code.tex"
("C:\Program Files\MiKTeX 2.9\tex\generic\pgf\math\pgfmathfunctions.basic.code.tex")
("C:\Program Files\MiKTeX 2.9\tex\generic\pgf\math\pgfmathfunctions.trigonometric.code.tex")
("C:\Program Files\MiKTeX 2.9\tex\generic\pgf\math\pgfmathfunctions.random.code.tex")
("C:\Program Files\MiKTeX 2.9\tex\generic\pgf\math\pgfmathfunctions.comparison.code.tex")
("C:\Program Files\MiKTeX 2.9\tex\generic\pgf\math\pgfmathfunctions.base.code.tex")
("C:\Program Files\MiKTeX 2.9\tex\generic\pgf\math\pgfmathfunctions.round.code.tex")
("C:\Program Files\MiKTeX 2.9\tex\generic\pgf\math\pgfmathfunctions.misc.code.tex")
("C:\Program Files\MiKTeX 2.9\tex\generic\pgf\math\pgfmathfunctions.integerarithmetics.code.tex")))
("C:\Program Files\MiKTeX 2.9\tex\generic\pgf\math\pgfmathfloat.code.tex"
\c@pgfmathroundto@lastzeros=\count133
))
("C:\Program Files\MiKTeX 2.9\tex\generic\pgf\basiclayer\pgfcorepoints.code.tex"
File: pgfcorepoints.code.tex 2013/10/07  (rcs-revision 1.27)
\pgf@picminx=\dimen147
\pgf@picmaxx=\dimen148
\pgf@picminy=\dimen149
\pgf@picmaxy=\dimen150
\pgf@pathminx=\dimen151
\pgf@pathmaxx=\dimen152
\pgf@pathminy=\dimen153
\pgf@pathmaxy=\dimen154
\pgf@xx=\dimen155
\pgf@xy=\dimen156
\pgf@yx=\dimen157
\pgf@yy=\dimen158
\pgf@zx=\dimen159
\pgf@zy=\dimen160
)
("C:\Program Files\MiKTeX 2.9\tex\generic\pgf\basiclayer\pgfcorepathconstruct.code.tex"
File: pgfcorepathconstruct.code.tex 2013/10/07  (rcs-revision 1.29)
\pgf@path@lastx=\dimen161
\pgf@path@lasty=\dimen162
)
("C:\Program Files\MiKTeX 2.9\tex\generic\pgf\basiclayer\pgfcorepathusage.code.tex"
File: pgfcorepathusage.code.tex 2013/12/13  (rcs-revision 1.23)
\pgf@shorten@end@additional=\dimen163
\pgf@shorten@start@additional=\dimen164
)
("C:\Program Files\MiKTeX 2.9\tex\generic\pgf\basiclayer\pgfcorescopes.code.tex"
File: pgfcorescopes.code.tex 2013/10/09  (rcs-revision 1.44)
\pgfpic=\box30
\pgf@hbox=\box31
\pgf@layerbox@main=\box32
\pgf@picture@serial@count=\count134
)
("C:\Program Files\MiKTeX 2.9\tex\generic\pgf\basiclayer\pgfcoregraphicstate.code.tex"
File: pgfcoregraphicstate.code.tex 2013/09/19  (rcs-revision 1.11)
\pgflinewidth=\dimen165
)
("C:\Program Files\MiKTeX 2.9\tex\generic\pgf\basiclayer\pgfcoretransformations.code.tex"
File: pgfcoretransformations.code.tex 2013/10/10  (rcs-revision 1.17)
\pgf@pt@x=\dimen166
\pgf@pt@y=\dimen167
\pgf@pt@temp=\dimen168
)
("C:\Program Files\MiKTeX 2.9\tex\generic\pgf\basiclayer\pgfcorequick.code.tex"
File: pgfcorequick.code.tex 2008/10/09  (rcs-revision 1.3)
)
("C:\Program Files\MiKTeX 2.9\tex\generic\pgf\basiclayer\pgfcoreobjects.code.tex"
File: pgfcoreobjects.code.tex 2006/10/11  (rcs-revision 1.2)
)
("C:\Program Files\MiKTeX 2.9\tex\generic\pgf\basiclayer\pgfcorepathprocessing.code.tex"
File: pgfcorepathprocessing.code.tex 2013/09/09  (rcs-revision 1.9)
)
("C:\Program Files\MiKTeX 2.9\tex\generic\pgf\basiclayer\pgfcorearrows.code.tex"
File: pgfcorearrows.code.tex 2013/11/07  (rcs-revision 1.40)
\pgfarrowsep=\dimen169
)
("C:\Program Files\MiKTeX 2.9\tex\generic\pgf\basiclayer\pgfcoreshade.code.tex"
File: pgfcoreshade.code.tex 2013/07/15  (rcs-revision 1.15)
\pgf@max=\dimen170
\pgf@sys@shading@range@num=\count135
)
("C:\Program Files\MiKTeX 2.9\tex\generic\pgf\basiclayer\pgfcoreimage.code.tex"
File: pgfcoreimage.code.tex 2013/07/15  (rcs-revision 1.18)

("C:\Program Files\MiKTeX 2.9\tex\generic\pgf\basiclayer\pgfcoreexternal.code.tex"
File: pgfcoreexternal.code.tex 2013/07/15  (rcs-revision 1.20)
\pgfexternal@startupbox=\box33
))
("C:\Program Files\MiKTeX 2.9\tex\generic\pgf\basiclayer\pgfcorelayers.code.tex"
File: pgfcorelayers.code.tex 2013/07/18  (rcs-revision 1.7)
)
("C:\Program Files\MiKTeX 2.9\tex\generic\pgf\basiclayer\pgfcoretransparency.code.tex"
File: pgfcoretransparency.code.tex 2013/09/30  (rcs-revision 1.5)
)
("C:\Program Files\MiKTeX 2.9\tex\generic\pgf\basiclayer\pgfcorepatterns.code.tex"
File: pgfcorepatterns.code.tex 2013/11/07  (rcs-revision 1.5)
)))
("C:\Program Files\MiKTeX 2.9\tex\generic\pgf\modules\pgfmoduleshapes.code.tex"
File: pgfmoduleshapes.code.tex 2013/10/31  (rcs-revision 1.34)
\pgfnodeparttextbox=\box34
)
("C:\Program Files\MiKTeX 2.9\tex\generic\pgf\modules\pgfmoduleplot.code.tex"
File: pgfmoduleplot.code.tex 2013/07/31  (rcs-revision 1.12)
)
("C:\Program Files\MiKTeX 2.9\tex\latex\pgf\compatibility\pgfcomp-version-0-65.sty"
Package: pgfcomp-version-0-65 2007/07/03 v3.0.0 (rcs-revision 1.7)
\pgf@nodesepstart=\dimen171
\pgf@nodesepend=\dimen172
)
("C:\Program Files\MiKTeX 2.9\tex\latex\pgf\compatibility\pgfcomp-version-1-18.sty"
Package: pgfcomp-version-1-18 2007/07/23 v3.0.0 (rcs-revision 1.1)
))
("C:\Program Files\MiKTeX 2.9\tex\latex\pgf\utilities\pgffor.sty"
("C:\Program Files\MiKTeX 2.9\tex\latex\pgf\utilities\pgfkeys.sty"
("C:\Program Files\MiKTeX 2.9\tex\generic\pgf\utilities\pgfkeys.code.tex"))
("C:\Program Files\MiKTeX 2.9\tex\latex\pgf\math\pgfmath.sty"
("C:\Program Files\MiKTeX 2.9\tex\generic\pgf\math\pgfmath.code.tex"))
("C:\Program Files\MiKTeX 2.9\tex\generic\pgf\utilities\pgffor.code.tex"
Package: pgffor 2013/12/13 v3.0.0 (rcs-revision 1.25)

("C:\Program Files\MiKTeX 2.9\tex\generic\pgf\math\pgfmath.code.tex")
\pgffor@iter=\dimen173
\pgffor@skip=\dimen174
\pgffor@stack=\toks42
\pgffor@toks=\toks43
))
("C:\Program Files\MiKTeX 2.9\tex\generic\pgf\frontendlayer\tikz\tikz.code.tex"
Package: tikz 2013/12/13 v3.0.0 (rcs-revision 1.142)

("C:\Program Files\MiKTeX 2.9\tex\generic\pgf\libraries\pgflibraryplothandlers.code.tex"
File: pgflibraryplothandlers.code.tex 2013/08/31 v3.0.0 (rcs-revision 1.20)
\pgf@plot@mark@count=\count136
\pgfplotmarksize=\dimen175
)
\tikz@lastx=\dimen176
\tikz@lasty=\dimen177
\tikz@lastxsaved=\dimen178
\tikz@lastysaved=\dimen179
\tikzleveldistance=\dimen180
\tikzsiblingdistance=\dimen181
\tikz@figbox=\box35
\tikz@figbox@bg=\box36
\tikz@tempbox=\box37
\tikz@tempbox@bg=\box38
\tikztreelevel=\count137
\tikznumberofchildren=\count138
\tikznumberofcurrentchild=\count139
\tikz@fig@count=\count140

("C:\Program Files\MiKTeX 2.9\tex\generic\pgf\modules\pgfmodulematrix.code.tex"
File: pgfmodulematrix.code.tex 2013/09/17  (rcs-revision 1.8)
\pgfmatrixcurrentrow=\count141
\pgfmatrixcurrentcolumn=\count142
\pgf@matrix@numberofcolumns=\count143
)
\tikz@expandcount=\count144

("C:\Program Files\MiKTeX 2.9\tex\generic\pgf\frontendlayer\tikz\libraries\tikzlibrarytopaths.code.tex"
File: tikzlibrarytopaths.code.tex 2008/06/17 v3.0.0 (rcs-revision 1.2)
)))
("C:\Program Files\MiKTeX 2.9\tex\generic\pgf\frontendlayer\tikz\libraries\tikzlibraryarrows.code.tex"
File: tikzlibraryarrows.code.tex 2008/01/09 v3.0.0 (rcs-revision 1.1)

("C:\Program Files\MiKTeX 2.9\tex\generic\pgf\libraries\pgflibraryarrows.code.tex"
File: pgflibraryarrows.code.tex 2013/09/23 v3.0.0 (rcs-revision 1.16)
\arrowsize=\dimen182
))
("C:\Program Files\MiKTeX 2.9\tex\latex\lm\lmodern.sty"
Package: lmodern 2009/10/30 v1.6 Latin Modern Fonts
LaTeX Font Info:    Overwriting symbol font `operators' in version `normal'
(Font)                  OT1/cmr/m/n --> OT1/lmr/m/n on input line 22.
LaTeX Font Info:    Overwriting symbol font `letters' in version `normal'
(Font)                  OML/cmm/m/it --> OML/lmm/m/it on input line 23.
LaTeX Font Info:    Overwriting symbol font `symbols' in version `normal'
(Font)                  OMS/cmsy/m/n --> OMS/lmsy/m/n on input line 24.
LaTeX Font Info:    Overwriting symbol font `largesymbols' in version `normal'
(Font)                  OMX/cmex/m/n --> OMX/lmex/m/n on input line 25.
LaTeX Font Info:    Overwriting symbol font `operators' in version `bold'
(Font)                  OT1/cmr/bx/n --> OT1/lmr/bx/n on input line 26.
LaTeX Font Info:    Overwriting symbol font `letters' in version `bold'
(Font)                  OML/cmm/b/it --> OML/lmm/b/it on input line 27.
LaTeX Font Info:    Overwriting symbol font `symbols' in version `bold'
(Font)                  OMS/cmsy/b/n --> OMS/lmsy/b/n on input line 28.
LaTeX Font Info:    Overwriting symbol font `largesymbols' in version `bold'
(Font)                  OMX/cmex/m/n --> OMX/lmex/m/n on input line 29.
LaTeX Font Info:    Overwriting math alphabet `\mathbf' in version `normal'
(Font)                  OT1/cmr/bx/n --> OT1/lmr/bx/n on input line 31.
LaTeX Font Info:    Overwriting math alphabet `\mathsf' in version `normal'
(Font)                  OT1/cmss/m/n --> OT1/lmss/m/n on input line 32.
LaTeX Font Info:    Overwriting math alphabet `\mathit' in version `normal'
(Font)                  OT1/cmr/m/it --> OT1/lmr/m/it on input line 33.
LaTeX Font Info:    Overwriting math alphabet `\mathtt' in version `normal'
(Font)                  OT1/cmtt/m/n --> OT1/lmtt/m/n on input line 34.
LaTeX Font Info:    Overwriting math alphabet `\mathbf' in version `bold'
(Font)                  OT1/cmr/bx/n --> OT1/lmr/bx/n on input line 35.
LaTeX Font Info:    Overwriting math alphabet `\mathsf' in version `bold'
(Font)                  OT1/cmss/bx/n --> OT1/lmss/bx/n on input line 36.
LaTeX Font Info:    Overwriting math alphabet `\mathit' in version `bold'
(Font)                  OT1/cmr/bx/it --> OT1/lmr/bx/it on input line 37.
LaTeX Font Info:    Overwriting math alphabet `\mathtt' in version `bold'
(Font)                  OT1/cmtt/m/n --> OT1/lmtt/m/n on input line 38.
) ("C:\Program Files\MiKTeX 2.9\tex\latex\listings\listings.sty"
\lst@mode=\count145
\lst@gtempboxa=\box39
\lst@token=\toks44
\lst@length=\count146
\lst@currlwidth=\dimen183
\lst@column=\count147
\lst@pos=\count148
\lst@lostspace=\dimen184
\lst@width=\dimen185
\lst@newlines=\count149
\lst@lineno=\count150
\lst@maxwidth=\dimen186

("C:\Program Files\MiKTeX 2.9\tex\latex\listings\lstmisc.sty"
File: lstmisc.sty 2014/09/06 1.5e (Carsten Heinz)
\c@lstnumber=\count151
\lst@skipnumbers=\count152
\lst@framebox=\box40
)
("C:\Program Files\MiKTeX 2.9\tex\latex\listings\listings.cfg"
File: listings.cfg 2014/09/06 1.5e listings configuration
))
Package: listings 2014/09/06 1.5e (Carsten Heinz)

("C:\Program Files\MiKTeX 2.9\tex\latex\subfigure\subfigure.sty"
Package: subfigure 2002/07/30 v2.1.4 subfigure package
\subfigtopskip=\skip62
\subfigcapskip=\skip63
\subfigcaptopadj=\dimen187
\subfigbottomskip=\skip64
\subfigcapmargin=\dimen188
\subfiglabelskip=\skip65
\c@subfigure=\count153
\c@lofdepth=\count154
\c@subtable=\count155
\c@lotdepth=\count156

****************************************
* Local config file subfigure.cfg used *
****************************************
("C:\Program Files\MiKTeX 2.9\tex\latex\subfigure\subfigure.cfg")
\subfig@top=\skip66
\subfig@bottom=\skip67
)
("C:\Program Files\MiKTeX 2.9\tex\latex\booktabs\booktabs.sty"
Package: booktabs 2005/04/14 v1.61803 publication quality tables
\heavyrulewidth=\dimen189
\lightrulewidth=\dimen190
\cmidrulewidth=\dimen191
\belowrulesep=\dimen192
\belowbottomsep=\dimen193
\aboverulesep=\dimen194
\abovetopsep=\dimen195
\cmidrulesep=\dimen196
\cmidrulekern=\dimen197
\defaultaddspace=\dimen198
\@cmidla=\count157
\@cmidlb=\count158
\@aboverulesep=\dimen199
\@belowrulesep=\dimen200
\@thisruleclass=\count159
\@lastruleclass=\count160
\@thisrulewidth=\dimen201
)
("C:\Program Files\MiKTeX 2.9\tex\latex\todonotes\todonotes.sty"
Package: todonotes 2012/07/25 .dtx Todonotes source and documentation.
Package: todonotes 2012/07/25

("C:\Program Files\MiKTeX 2.9\tex\latex\xkeyval\xkeyval.sty"
Package: xkeyval 2012/10/14 v2.6b package option processing (HA)

("C:\Program Files\MiKTeX 2.9\tex\generic\xkeyval\xkeyval.tex"
\XKV@toks=\toks45
\XKV@tempa@toks=\toks46
\XKV@depth=\count161
File: xkeyval.tex 2012/10/14 v2.6b key=value parser (HA)
))
("C:\Program Files\MiKTeX 2.9\tex\generic\pgf\frontendlayer\tikz\libraries\tikzlibrarypositioning.code.tex"
File: tikzlibrarypositioning.code.tex 2008/10/06 v3.0.0 (rcs-revision 1.7)
)
\c@@todonotes@numberoftodonotes=\count162
)
("C:\Program Files\MiKTeX 2.9\tex\latex\cite\cite.sty"
LaTeX Info: Redefining \cite on input line 302.
LaTeX Info: Redefining \nocite on input line 332.
Package: cite 2015/02/27  v 5.5
) ("C:\Program Files\MiKTeX 2.9\tex\latex\listings\lstlang1.sty"
File: lstlang1.sty 2014/09/06 1.5e listings language file
)

Package csquotes Warning: Load 'inputenc' before 'csquotes' on input line 73.

Package csquotes Info: Checking for multilingual support...
Package csquotes Info: ... found 'babel' package.
(C:\Users\Yanick\Desktop\LatexFinal\temp\Fachbericht_FS15_pro2E_Team3.aux
(C:\Users\Yanick\Desktop\LatexFinal\temp\Einleitung.aux)
(C:\Users\Yanick\Desktop\LatexFinal\temp\ET_Elektrotechnische_Grundlagen.aux)
(C:\Users\Yanick\Desktop\LatexFinal\temp\ET_Faustformeln.aux) (C:\Users\Yanick\Desktop\LatexFinal\temp\ET_Zellweger.aux)
(C:\Users\Yanick\Desktop\LatexFinal\temp\ET_Zellweger_PI.aux)
(C:\Users\Yanick\Desktop\LatexFinal\temp\ET_Zellweger_PID.aux) (C:\Users\Yanick\Desktop\LatexFinal\temp\SW_Model.aux)
(C:\Users\Yanick\Desktop\LatexFinal\temp\SW_View.aux) (C:\Users\Yanick\Desktop\LatexFinal\temp\SW_Controller.aux)
(C:\Users\Yanick\Desktop\LatexFinal\temp\Validierung.aux) (C:\Users\Yanick\Desktop\LatexFinal\temp\Schlusswort.aux)
(C:\Users\Yanick\Desktop\LatexFinal\temp\Anhang_Zellweger_Methode_Beta.aux)
(C:\Users\Yanick\Desktop\LatexFinal\temp\Anhang_Bode_Reglerkonform.aux)
(C:\Users\Yanick\Desktop\LatexFinal\temp\Anhang_CDRom.aux))
LaTeX Font Info:    Checking defaults for OML/cmm/m/it on input line 73.
LaTeX Font Info:    ... okay on input line 73.
LaTeX Font Info:    Checking defaults for T1/cmr/m/n on input line 73.
LaTeX Font Info:    ... okay on input line 73.
LaTeX Font Info:    Checking defaults for OT1/cmr/m/n on input line 73.
LaTeX Font Info:    ... okay on input line 73.
LaTeX Font Info:    Checking defaults for OMS/cmsy/m/n on input line 73.
LaTeX Font Info:    ... okay on input line 73.
LaTeX Font Info:    Checking defaults for OMX/cmex/m/n on input line 73.
LaTeX Font Info:    ... okay on input line 73.
LaTeX Font Info:    Checking defaults for U/cmr/m/n on input line 73.
LaTeX Font Info:    ... okay on input line 73.
LaTeX Font Info:    Checking defaults for PD1/pdf/m/n on input line 73.
LaTeX Font Info:    ... okay on input line 73.
LaTeX Font Info:    Try loading font information for T1+lmr on input line 73.
 ("C:\Program Files\MiKTeX 2.9\tex\latex\lm\t1lmr.fd"
File: t1lmr.fd 2009/10/30 v1.6 Font defs for Latin Modern
)
*geometry* driver: auto-detecting
*geometry* detected driver: pdftex
*geometry* verbose mode - [ preamble ] result:
* driver: pdftex
* paper: a4paper
* layout: <same size as paper>
* layoutoffset:(h,v)=(0.0pt,0.0pt)
* modes: 
* h-part:(L,W,R)=(71.13191pt, 455.24408pt, 71.13188pt)
* v-part:(T,H,B)=(91.04881pt, 685.71141pt, 68.28662pt)
* \paperwidth=597.50787pt
* \paperheight=845.04684pt
* \textwidth=455.24408pt
* \textheight=685.71141pt
* \oddsidemargin=-1.13808pt
* \evensidemargin=-1.13808pt
* \topmargin=-30.20975pt
* \headheight=12.0pt
* \headsep=36.98857pt
* \topskip=10.0pt
* \footskip=54.06023pt
* \marginparwidth=65.0pt
* \marginparsep=11.0pt
* \columnsep=10.0pt
* \skip\footins=9.0pt plus 4.0pt minus 2.0pt
* \hoffset=0.0pt
* \voffset=0.0pt
* \mag=1000
* \@twocolumnfalse
* \@twosidefalse
* \@mparswitchfalse
* \@reversemarginfalse
* (1in=72.27pt=25.4mm, 1cm=28.453pt)

("C:\Program Files\MiKTeX 2.9\tex\context\base\supp-pdf.mkii"
[Loading MPS to PDF converter (version 2006.09.02).]
\scratchcounter=\count163
\scratchdimen=\dimen202
\scratchbox=\box41
\nofMPsegments=\count164
\nofMParguments=\count165
\everyMPshowfont=\toks47
\MPscratchCnt=\count166
\MPscratchDim=\dimen203
\MPnumerator=\count167
\makeMPintoPDFobject=\count168
\everyMPtoPDFconversion=\toks48
)
\AtBeginShipoutBox=\box42
Package hyperref Info: Link coloring ON on input line 73.
 ("C:\Program Files\MiKTeX 2.9\tex\latex\hyperref\nameref.sty"
Package: nameref 2012/10/27 v2.43 Cross-referencing by name of section

("C:\Program Files\MiKTeX 2.9\tex\generic\oberdiek\gettitlestring.sty"
Package: gettitlestring 2010/12/03 v1.4 Cleanup title references (HO)
)
\c@section@level=\count169
)
LaTeX Info: Redefining \ref on input line 73.
LaTeX Info: Redefining \pageref on input line 73.
LaTeX Info: Redefining \nameref on input line 73.

(C:\Users\Yanick\Desktop\LatexFinal\temp\Fachbericht_FS15_pro2E_Team3.out)
(C:\Users\Yanick\Desktop\LatexFinal\temp\Fachbericht_FS15_pro2E_Team3.out)
\@outlinefile=\write4
Package caption Info: Begin \AtBeginDocument code.
Package caption Info: listings package is loaded.
Package caption Info: subfigure package is loaded.
Package caption Info: End \AtBeginDocument code.
 ABD: EveryShipout initializing macros
\c@lstlisting=\count170

<fhnwlogo.pdf, id=146, 183.81773pt x 28.4543pt>
File: fhnwlogo.pdf Graphic file (type pdf)
 <use fhnwlogo.pdf>
Package pdftex.def Info: fhnwlogo.pdf used on input line 75.
(pdftex.def)             Requested size: 220.57736pt x 34.1433pt.
LaTeX Font Info:    Try loading font information for OT1+lmr on input line 75.
 ("C:\Program Files\MiKTeX 2.9\tex\latex\lm\ot1lmr.fd"
File: ot1lmr.fd 2009/10/30 v1.6 Font defs for Latin Modern
)
LaTeX Font Info:    Try loading font information for OML+lmm on input line 75.
 ("C:\Program Files\MiKTeX 2.9\tex\latex\lm\omllmm.fd"
File: omllmm.fd 2009/10/30 v1.6 Font defs for Latin Modern
)
LaTeX Font Info:    Try loading font information for OMS+lmsy on input line 75.
 ("C:\Program Files\MiKTeX 2.9\tex\latex\lm\omslmsy.fd"
File: omslmsy.fd 2009/10/30 v1.6 Font defs for Latin Modern
)
LaTeX Font Info:    Try loading font information for OMX+lmex on input line 75.

("C:\Program Files\MiKTeX 2.9\tex\latex\lm\omxlmex.fd"
File: omxlmex.fd 2009/10/30 v1.6 Font defs for Latin Modern
)
LaTeX Font Info:    External font `lmex10' loaded for size
(Font)              <12> on input line 75.
LaTeX Font Info:    External font `lmex10' loaded for size
(Font)              <8> on input line 75.
LaTeX Font Info:    External font `lmex10' loaded for size
(Font)              <6> on input line 75.


LaTeX Warning: No \author given.

<easypid-logo.png, id=147, 1127.71312pt x 310.15875pt>
File: easypid-logo.png Graphic file (type png)
 <use easypid-logo.png>
Package pdftex.def Info: easypid-logo.png used on input line 79.
(pdftex.def)             Requested size: 364.19664pt x 100.16621pt.
 [1

{C:/ProgramData/MiKTeX/2.9/pdftex/config/pdftex.map} <C:/Users/Yanick/Desktop/LatexFinal/fhnwlogo.pdf> <C:/Users/Yanick/
Desktop/LatexFinal/easypid-logo.png>]
<Abstract.pdf, id=174, page=1, 597.50829pt x 845.0471pt>
File: Abstract.pdf Graphic file (type pdf)
 <use Abstract.pdf, page 1>
Package pdftex.def Info: Abstract.pdf, page1 used on input line 95.
(pdftex.def)             Requested size: 597.50682pt x 845.04504pt.
File: Abstract.pdf Graphic file (type pdf)
 <use Abstract.pdf, page 1>
Package pdftex.def Info: Abstract.pdf, page1 used on input line 95.
(pdftex.def)             Requested size: 597.53416pt x 845.08372pt.
File: Abstract.pdf Graphic file (type pdf)

<use Abstract.pdf, page 1>
Package pdftex.def Info: Abstract.pdf, page1 used on input line 95.
(pdftex.def)             Requested size: 597.53416pt x 845.08372pt.
 [2

 <C:/Users/Yanick/Desktop/LatexFinal/Abstract.pdf>]
<P2_FS_2015_Aufgabe_vom_Auftraggeber.pdf, id=191, page=1, 597.55246pt x 845.07718pt>
File: P2_FS_2015_Aufgabe_vom_Auftraggeber.pdf Graphic file (type pdf)

<use P2_FS_2015_Aufgabe_vom_Auftraggeber.pdf, page 1>
Package pdftex.def Info: P2_FS_2015_Aufgabe_vom_Auftraggeber.pdf, page1 used on input line 96.
(pdftex.def)             Requested size: 597.551pt x 845.07512pt.
File: P2_FS_2015_Aufgabe_vom_Auftraggeber.pdf Graphic file (type pdf)
 <use P2_FS_2015_Aufgabe_vom_Auftraggeber.pdf, page 1>
Package pdftex.def Info: P2_FS_2015_Aufgabe_vom_Auftraggeber.pdf, page1 used on input line 96.
(pdftex.def)             Requested size: 597.57834pt x 845.1138pt.
File: P2_FS_2015_Aufgabe_vom_Auftraggeber.pdf Graphic file (type pdf)

<use P2_FS_2015_Aufgabe_vom_Auftraggeber.pdf, page 1>
Package pdftex.def Info: P2_FS_2015_Aufgabe_vom_Auftraggeber.pdf, page1 used on input line 96.
(pdftex.def)             Requested size: 597.57834pt x 845.1138pt.
 [3 <C:/Users/Yanick/Desktop/LatexFinal/P2_FS_2015_Aufgabe_vom_Auftraggeber.pdf>] <P2_FS_2015_Aufgabe_vom_Auftraggeber.p
df, id=215, page=2, 597.55246pt x 845.07718pt>
File: P2_FS_2015_Aufgabe_vom_Auftraggeber.pdf Graphic file (type pdf)

<use P2_FS_2015_Aufgabe_vom_Auftraggeber.pdf, page 2>
Package pdftex.def Info: P2_FS_2015_Aufgabe_vom_Auftraggeber.pdf, page2 used on input line 96.
(pdftex.def)             Requested size: 597.57834pt x 845.1138pt.
 [4 <C:/Users/Yanick/Desktop/LatexFinal/P2_FS_2015_Aufgabe_vom_Auftraggeber.pdf>]
LaTeX Font Info:    Try loading font information for T1+lmss on input line 98.
 ("C:\Program Files\MiKTeX 2.9\tex\latex\lm\t1lmss.fd"
File: t1lmss.fd 2009/10/30 v1.6 Font defs for Latin Modern
)
(C:\Users\Yanick\Desktop\LatexFinal\temp\Fachbericht_FS15_pro2E_Team3.toc
LaTeX Font Info:    External font `lmex10' loaded for size
(Font)              <10.95> on input line 4.
pdfTeX warning (ext4): destination with the same identifier (name{page.1}) has been already used, duplicate ignored
<to be read again> 
                   \relax 
l.35 ...A.2.2}PID-Regler}{38}{subsubsection.A.2.2}
                                                   [1])
\tf@toc=\write5
pdfTeX warning (ext4): destination with the same identifier (name{page.2}) has been already used, duplicate ignored
<to be read again> 
                   \relax 
l.99 \clearpage
                [2] (C:\Users\Yanick\Desktop\LatexFinal\Einleitung.tex)pdfTeX warning (ext4): destination with the same 
identifier (name{page.3}) has been already used, duplicate ignored
<to be read again> 
                   \relax 
l.101 \include{Einleitung}
                           [3


] (C:\Users\Yanick\Desktop\LatexFinal\ET_Elektrotechnische_Grundlagen.tex
<./Bilder/./Einfacher_Regelkreis_Wikipedia.png, id=283, 501.875pt x 112.42pt>
File: ./Bilder/./Einfacher_Regelkreis_Wikipedia.png Graphic file (type png)

<use ./Bilder/./Einfacher_Regelkreis_Wikipedia.png>
Package pdftex.def Info: ./Bilder/./Einfacher_Regelkreis_Wikipedia.png used on input line 61.
(pdftex.def)             Requested size: 364.19664pt x 81.5839pt.


LaTeX Warning: Citation `RegelKreisWikipedia' on page 4 undefined on input line 62.


LaTeX Warning: Citation `RegelKreisWikipedia' on page 4 undefined on input line 62.

<./Bilder/./Wendetangente.png, id=284, 663.6795pt x 539.01375pt>
File: ./Bilder/./Wendetangente.png Graphic file (type png)
 <use ./Bilder/./Wendetangente.png>
Package pdftex.def Info: ./Bilder/./Wendetangente.png used on input line 72.
(pdftex.def)             Requested size: 227.62204pt x 184.86606pt.


LaTeX Warning: Citation `WendetangenteAuftraggeber' on page 4 undefined on input line 73.


LaTeX Warning: Citation `WendetangenteAuftraggeber' on page 4 undefined on input line 73.

pdfTeX warning (ext4): destination with the same identifier (name{page.4}) has been already used, duplicate ignored
<to be read again> 
                   \relax 
l.85 \end{equation}
                    [4


 <C:/Users/Yanick/Desktop/LatexFinal/Bilder/Einfacher_Regelkreis_Wikipedia.png> <C:/Users/Yanick/Desktop/LatexFinal/Bild
er/Wendetangente.png>]
Underfull \hbox (badness 10000) in paragraph at lines 87--88

 []

) [5] (C:\Users\Yanick\Desktop\LatexFinal\ET_Faustformeln.tex
LaTeX Font Info:    Try loading font information for OMS+lmr on input line 59.
 ("C:\Program Files\MiKTeX 2.9\tex\latex\lm\omslmr.fd"
File: omslmr.fd 2009/10/30 v1.6 Font defs for Latin Modern
)
LaTeX Font Info:    Font shape `OMS/lmr/m/n' in size <10.95> not available
(Font)              Font shape `OMS/lmsy/m/n' tried instead on input line 59.

[6


] [7]) [8] (C:\Users\Yanick\Desktop\LatexFinal\ET_Zellweger.tex

LaTeX Warning: Citation `Zellweger' on page 9 undefined on input line 81.


LaTeX Warning: Command \" invalid in math mode on input line 102.


LaTeX Warning: Command \" invalid in math mode on input line 107.

[9


]
Underfull \hbox (badness 10000) in paragraph at lines 158--165

 []

[10]

LaTeX Warning: Command \" invalid in math mode on input line 225.


LaTeX Warning: Command \" invalid in math mode on input line 230.

) [11] (C:\Users\Yanick\Desktop\LatexFinal\ET_Zellweger_PI.tex
Underfull \hbox (badness 10000) in paragraph at lines 56--60

 []


Underfull \hbox (badness 10000) in paragraph at lines 63--70

 []


Underfull \hbox (badness 10000) in paragraph at lines 63--70

 []


Underfull \hbox (badness 10000) in paragraph at lines 63--70

 []

<./Bilder/PI_Step_01.jpg, id=342, 959.83594pt x 563.85657pt>
File: ./Bilder/PI_Step_01.jpg Graphic file (type jpg)
 <use ./Bilder/PI_Step_01.jpg>
Package pdftex.def Info: ./Bilder/PI_Step_01.jpg used on input line 73.
(pdftex.def)             Requested size: 455.24408pt x 267.43887pt.
 [12


 <C:/Users/Yanick/Desktop/LatexFinal/Bilder/PI_Step_01.jpg>] <./Bilder/PI_Step_02.jpg, id=349, 961.34157pt x 562.35094pt
>
File: ./Bilder/PI_Step_02.jpg Graphic file (type jpg)

<use ./Bilder/PI_Step_02.jpg>
Package pdftex.def Info: ./Bilder/PI_Step_02.jpg used on input line 84.
(pdftex.def)             Requested size: 455.24408pt x 266.30429pt.
 <./Bilder/PI_Step_03.jpg, id=353, 955.31906pt x 560.8453pt>
File: ./Bilder/PI_Step_03.jpg Graphic file (type jpg)
 <use ./Bilder/PI_Step_03.jpg>
Package pdftex.def Info: ./Bilder/PI_Step_03.jpg used on input line 93.
(pdftex.def)             Requested size: 455.24408pt x 267.26007pt.
LaTeX Font Info:    External font `lmex10' loaded for size
(Font)              <10> on input line 94.
LaTeX Font Info:    External font `lmex10' loaded for size
(Font)              <7> on input line 94.
LaTeX Font Info:    External font `lmex10' loaded for size
(Font)              <5> on input line 94.

[13 <C:/Users/Yanick/Desktop/LatexFinal/Bilder/PI_Step_02.jpg> <C:/Users/Yanick/Desktop/LatexFinal/Bilder/PI_Step_03.jpg
>] <./Bilder/PI_Step_04.jpg, id=362, 956.82469pt x 560.8453pt>
File: ./Bilder/PI_Step_04.jpg Graphic file (type jpg)
 <use ./Bilder/PI_Step_04.jpg>
Package pdftex.def Info: ./Bilder/PI_Step_04.jpg used on input line 103.
(pdftex.def)             Requested size: 455.24408pt x 266.84073pt.
) [14 <C:/Users/Yanick/Desktop/LatexFinal/Bilder/PI_Step_04.jpg>] (C:\Users\Yanick\Desktop\LatexFinal\ET_Zellweger_PID.t
ex
Underfull \hbox (badness 10000) in paragraph at lines 56--60

 []


Underfull \hbox (badness 10000) in paragraph at lines 65--72

 []


Underfull \hbox (badness 10000) in paragraph at lines 65--72

 []


Underfull \hbox (badness 10000) in paragraph at lines 65--72

 []

<./Bilder/PID_Step_01.jpg, id=371, 962.84718pt x 562.35094pt>
File: ./Bilder/PID_Step_01.jpg Graphic file (type jpg)
 <use ./Bilder/PID_Step_01.jpg>
Package pdftex.def Info: ./Bilder/PID_Step_01.jpg used on input line 75.
(pdftex.def)             Requested size: 455.24408pt x 265.88383pt.
 [15


 <C:/Users/Yanick/Desktop/LatexFinal/Bilder/PID_Step_01.jpg>] <./Bilder/PID_Step_02.jpg, id=383, 958.3303pt x 563.85657p
t>
File: ./Bilder/PID_Step_02.jpg Graphic file (type jpg)

<use ./Bilder/PID_Step_02.jpg>
Package pdftex.def Info: ./Bilder/PID_Step_02.jpg used on input line 89.
(pdftex.def)             Requested size: 455.24408pt x 267.85185pt.
 <./Bilder/PID_Step_03.jpg, id=387, 955.31906pt x 562.35094pt>
File: ./Bilder/PID_Step_03.jpg Graphic file (type jpg)

<use ./Bilder/PID_Step_03.jpg>
Package pdftex.def Info: ./Bilder/PID_Step_03.jpg used on input line 99.
(pdftex.def)             Requested size: 455.24408pt x 267.97754pt.


LaTeX Warning: `!h' float specifier changed to `!ht'.

[16 <C:/Users/Yanick/Desktop/LatexFinal/Bilder/PID_Step_02.jpg>]
<./Bilder/PID_Step_04.jpg, id=395, 962.84718pt x 563.85657pt>
File: ./Bilder/PID_Step_04.jpg Graphic file (type jpg)
 <use ./Bilder/PID_Step_04.jpg>
Package pdftex.def Info: ./Bilder/PID_Step_04.jpg used on input line 109.
(pdftex.def)             Requested size: 455.24408pt x 266.59572pt.
 [17 <C:/Users/Yanick/Desktop/LatexFinal/Bilder/PID_Step_03.jpg> <C:/Users/Yanick/Desktop/LatexFinal/Bilder/PID_Step_04.
jpg>]) [18]
(C:\Users\Yanick\Desktop\LatexFinal\SW_Model.tex <./Bilder/model.png, id=407, 451.6875pt x 434.62375pt>
File: ./Bilder/model.png Graphic file (type png)

<use ./Bilder/model.png>
Package pdftex.def Info: ./Bilder/model.png used on input line 29.
(pdftex.def)             Requested size: 273.14922pt x 262.84538pt.


LaTeX Warning: `h' float specifier changed to `ht'.

[19


] [20 <C:/Users/Yanick/Desktop/LatexFinal/Bilder/model.png>] <./Bilder/plant.png, id=419, 954.56625pt x 529.98pt>
File: ./Bilder/plant.png Graphic file (type png)

<use ./Bilder/plant.png>
Package pdftex.def Info: ./Bilder/plant.png used on input line 80.
(pdftex.def)             Requested size: 455.24408pt x 252.75395pt.
 [21 <C:/Users/Yanick/Desktop/LatexFinal/Bilder/plant.png>]
<./Bilder/controller.png, id=427, 993.7125pt x 586.19pt>
File: ./Bilder/controller.png Graphic file (type png)
 <use ./Bilder/controller.png>
Package pdftex.def Info: ./Bilder/controller.png used on input line 116.
(pdftex.def)             Requested size: 455.24408pt x 268.55049pt.
 [22 <C:/Users/Yanick/Desktop/LatexFinal/Bilder/controller.png>] <./Bilder/controller-calculator.png, id=434, 1623.06375
pt x 1147.28625pt>
File: ./Bilder/controller-calculator.png Graphic file (type png)

<use ./Bilder/controller-calculator.png>
Package pdftex.def Info: ./Bilder/controller-calculator.png used on input line 147.
(pdftex.def)             Requested size: 455.24408pt x 321.79816pt.
 [23 <C:/Users/Yanick/Desktop/LatexFinal/Bilder/controller-calculator.png>]
<./Bilder/closed-loop.png, id=441, 1035.87pt x 672.5125pt>
File: ./Bilder/closed-loop.png Graphic file (type png)
 <use ./Bilder/closed-loop.png>
Package pdftex.def Info: ./Bilder/closed-loop.png used on input line 166.
(pdftex.def)             Requested size: 455.24408pt x 295.55751pt.
) [24 <C:/Users/Yanick/Desktop/LatexFinal/Bilder/closed-loop.png>] [25] (C:\Users\Yanick\Desktop\LatexFinal\SW_View.tex 
[26


]
Underfull \hbox (badness 10000) in paragraph at lines 60--62

 []

<./Bilder/Panels.png, id=457, 182.39142pt x 118.25179pt>
File: ./Bilder/Panels.png Graphic file (type png)
 <use ./Bilder/Panels.png>
Package pdftex.def Info: ./Bilder/Panels.png used on input line 67.
(pdftex.def)             Requested size: 341.43306pt x 221.3841pt.

Underfull \hbox (badness 10000) in paragraph at lines 73--74

 []

<./Bilder/GUI.png, id=458, 259.01569pt x 157.11497pt>
File: ./Bilder/GUI.png Graphic file (type png)
 <use ./Bilder/GUI.png>
Package pdftex.def Info: ./Bilder/GUI.png used on input line 77.
(pdftex.def)             Requested size: 455.24408pt x 276.15878pt.


LaTeX Warning: `h' float specifier changed to `ht'.


Underfull \hbox (badness 10000) in paragraph at lines 82--83

 []

[27 <C:/Users/Yanick/Desktop/LatexFinal/Bilder/Panels.png>] <./Bilder/InputPanel.png, id=469, 156.1032pt x 93.951pt>
File: ./Bilder/InputPanel.png Graphic file (type png)

<use ./Bilder/InputPanel.png>
Package pdftex.def Info: ./Bilder/InputPanel.png used on input line 90.
(pdftex.def)             Requested size: 341.43306pt x 205.50298pt.


LaTeX Warning: `h' float specifier changed to `ht'.

[28 <C:/Users/Yanick/Desktop/LatexFinal/Bilder/GUI.png>]
Underfull \hbox (badness 10000) in paragraph at lines 105--108

 []

<./Bilder/OutputPanel.png, id=476, 146.7081pt x 95.3964pt>
File: ./Bilder/OutputPanel.png Graphic file (type png)
 <use ./Bilder/OutputPanel.png>
Package pdftex.def Info: ./Bilder/OutputPanel.png used on input line 111.
(pdftex.def)             Requested size: 341.43306pt x 222.04608pt.

Underfull \hbox (badness 10000) in paragraph at lines 116--117

 []

[29 <C:/Users/Yanick/Desktop/LatexFinal/Bilder/InputPanel.png> <C:/Users/Yanick/Desktop/LatexFinal/Bilder/OutputPanel.pn
g>] <./Bilder/GraphPanel.png, id=491, 145.55177pt x 112.7412pt>
File: ./Bilder/GraphPanel.png Graphic file (type png)
 <use ./Bilder/GraphPanel.png>
Package pdftex.def Info: ./Bilder/GraphPanel.png used on input line 120.
(pdftex.def)             Requested size: 341.43306pt x 264.50142pt.

Overfull \hbox (97.36195pt too wide) in paragraph at lines 134--135
\T1/lmr/m/n/10.95 out-ma-na-ger und wur-de auf ei-nem Web-Blog ge-fun-den (QUEL-LE https://tips4java.wordpress.com/2008/
11/06/wrap-|
 []

<./Bilder/GraphDisplayPanel.png, id=492, 172.18327pt x 30.08238pt>
File: ./Bilder/GraphDisplayPanel.png Graphic file (type png)
 <use ./Bilder/GraphDisplayPanel.png>
Package pdftex.def Info: ./Bilder/GraphDisplayPanel.png used on input line 138.
(pdftex.def)             Requested size: 341.43306pt x 59.66103pt.


LaTeX Warning: `h' float specifier changed to `ht'.


Underfull \hbox (badness 10000) in paragraph at lines 143--144

 []

[30 <C:/Users/Yanick/Desktop/LatexFinal/Bilder/GraphPanel.png>]
<./Bilder/ResizeFrame.png, id=499, 899.61093pt x 574.39594pt>
File: ./Bilder/ResizeFrame.png Graphic file (type png)
 <use ./Bilder/ResizeFrame.png>
Package pdftex.def Info: ./Bilder/ResizeFrame.png used on input line 185.
(pdftex.def)             Requested size: 341.43306pt x 218.001pt.


LaTeX Warning: `h' float specifier changed to `ht'.

<./Bilder/Mini-Version.png, id=500, 62.51355pt x 78.41295pt>
File: ./Bilder/Mini-Version.png Graphic file (type png)
 <use ./Bilder/Mini-Version.png>
Package pdftex.def Info: ./Bilder/Mini-Version.png used on input line 195.
(pdftex.def)             Requested size: 227.62204pt x 285.57545pt.


LaTeX Warning: `h' float specifier changed to `ht'.

) [31 <C:/Users/Yanick/Desktop/LatexFinal/Bilder/GraphDisplayPanel.png>] [32 <C:/Users/Yanick/Desktop/LatexFinal/Bilder/
ResizeFrame.png> <C:/Users/Yanick/Desktop/LatexFinal/Bilder/Mini-Version.png>]
(C:\Users\Yanick\Desktop\LatexFinal\SW_Controller.tex) [33


] (C:\Users\Yanick\Desktop\LatexFinal\Validierung.tex)
[34


] (C:\Users\Yanick\Desktop\LatexFinal\Schlusswort.tex) [35


]
(C:\Users\Yanick\Desktop\LatexFinal\Anhang_Zellweger_Methode_Beta.tex

Package hyperref Warning: Token not allowed in a PDF string (PDFDocEncoding):
(hyperref)                removing `math shift' on input line 13.


Package hyperref Warning: Token not allowed in a PDF string (PDFDocEncoding):
(hyperref)                removing `\beta' on input line 13.


Package hyperref Warning: Token not allowed in a PDF string (PDFDocEncoding):
(hyperref)                removing `math shift' on input line 13.

[36


]) [37] (C:\Users\Yanick\Desktop\LatexFinal\Anhang_Bode_Reglerkonform.tex [38


] [39]) [40]
(C:\Users\Yanick\Desktop\LatexFinal\Anhang_CDRom.tex) [41


]
Package atveryend Info: Empty hook `BeforeClearDocument' on input line 128.
Package atveryend Info: Empty hook `AfterLastShipout' on input line 128.

(C:\Users\Yanick\Desktop\LatexFinal\temp\Fachbericht_FS15_pro2E_Team3.aux
(C:\Users\Yanick\Desktop\LatexFinal\temp\Einleitung.aux)
(C:\Users\Yanick\Desktop\LatexFinal\temp\ET_Elektrotechnische_Grundlagen.aux)
(C:\Users\Yanick\Desktop\LatexFinal\temp\ET_Faustformeln.aux) (C:\Users\Yanick\Desktop\LatexFinal\temp\ET_Zellweger.aux)
(C:\Users\Yanick\Desktop\LatexFinal\temp\ET_Zellweger_PI.aux)
(C:\Users\Yanick\Desktop\LatexFinal\temp\ET_Zellweger_PID.aux) (C:\Users\Yanick\Desktop\LatexFinal\temp\SW_Model.aux)
(C:\Users\Yanick\Desktop\LatexFinal\temp\SW_View.aux) (C:\Users\Yanick\Desktop\LatexFinal\temp\SW_Controller.aux)
(C:\Users\Yanick\Desktop\LatexFinal\temp\Validierung.aux) (C:\Users\Yanick\Desktop\LatexFinal\temp\Schlusswort.aux)
(C:\Users\Yanick\Desktop\LatexFinal\temp\Anhang_Zellweger_Methode_Beta.aux)
(C:\Users\Yanick\Desktop\LatexFinal\temp\Anhang_Bode_Reglerkonform.aux)
(C:\Users\Yanick\Desktop\LatexFinal\temp\Anhang_CDRom.aux))
Package atveryend Info: Executing hook `AtVeryEndDocument' on input line 128.
Package atveryend Info: Executing hook `AtEndAfterFileList' on input line 128.
Package rerunfilecheck Info: File `Fachbericht_FS15_pro2E_Team3.out' has not changed.
(rerunfilecheck)             Checksum: 82ACAB874F07C9A31D1513A4F2B3B8F4;2680.


LaTeX Warning: There were undefined references.

Package atveryend Info: Empty hook `AtVeryVeryEnd' on input line 128.
 ) 
Here is how much of TeX's memory you used:
 22110 strings out of 493921
 404336 string characters out of 3147279
 518412 words of memory out of 3000000
 24730 multiletter control sequences out of 15000+200000
 69266 words of font info for 51 fonts, out of 3000000 for 9000
 841 hyphenation exceptions out of 8191
 55i,15n,77p,1216b,542s stack positions out of 5000i,500n,10000p,200000b,50000s
{C:/Program Files/MiKTeX 2.9/fonts/enc/dvips/lm/lm-mathit.enc}{C:/Program Files/MiKTeX 2.9/fonts/enc/dvips/lm/lm-ec.en
c}{C:/Program Files/MiKTeX 2.9/fonts/enc/dvips/lm/lm-mathsy.enc}{C:/Program Files/MiKTeX 2.9/fonts/enc/dvips/lm/lm-rm.en
c}{C:/Program Files/MiKTeX 2.9/fonts/enc/dvips/lm/lm-mathex.enc}<C:/Program Files/MiKTeX 2.9/fonts/type1/public/lm/lmbx1
0.pfb><C:/Program Files/MiKTeX 2.9/fonts/type1/public/lm/lmcsc10.pfb><C:/Program Files/MiKTeX 2.9/fonts/type1/public/lm/
lmex10.pfb><C:/Program Files/MiKTeX 2.9/fonts/type1/public/lm/lmmi10.pfb><C:/Program Files/MiKTeX 2.9/fonts/type1/public
/lm/lmmi12.pfb><C:/Program Files/MiKTeX 2.9/fonts/type1/public/lm/lmmi6.pfb><C:/Program Files/MiKTeX 2.9/fonts/type1/pub
lic/lm/lmmi7.pfb><C:/Program Files/MiKTeX 2.9/fonts/type1/public/lm/lmmi8.pfb><C:/Program Files/MiKTeX 2.9/fonts/type1/p
ublic/lm/lmr10.pfb><C:/Program Files/MiKTeX 2.9/fonts/type1/public/lm/lmr12.pfb><C:/Program Files/MiKTeX 2.9/fonts/type1
/public/lm/lmr17.pfb><C:/Program Files/MiKTeX 2.9/fonts/type1/public/lm/lmr8.pfb><C:/Program Files/MiKTeX 2.9/fonts/type
1/public/lm/lmri10.pfb><C:/Program Files/MiKTeX 2.9/fonts/type1/public/lm/lmro10.pfb><C:/Program Files/MiKTeX 2.9/fonts/
type1/public/lm/lmssbx10.pfb><C:/Program Files/MiKTeX 2.9/fonts/type1/public/lm/lmsy10.pfb><C:/Program Files/MiKTeX 2.9/
fonts/type1/public/lm/lmsy8.pfb>
Output written on Fachbericht_FS15_pro2E_Team3.pdf (45 pages, 3629815 bytes).
PDF statistics:
 661 PDF objects out of 1000 (max. 8388607)
 129 named destinations out of 1000 (max. 500000)
 443 words of extra memory for PDF output out of 10000 (max. 10000000)

